Arguments: 
  /usr/bin/node /home/jairo/.yarn/bin/yarn.js add bable-preset-es2015

PATH: 
  /home/jairo/flutter/bin:/home/jairo/.yarn/bin:/home/jairo/.config/yarn/global/node_modules/.bin:/home/jairo/.cargo/bin:/home/jairo/.local/bin:/home/jairo/flutter/bin:/home/jairo/.yarn/bin:/home/jairo/.config/yarn/global/node_modules/.bin:/home/jairo/.cargo/bin:/home/jairo/.local/bin:/usr/local/sbin:/usr/local/bin:/usr/sbin:/usr/bin:/sbin:/bin:/usr/games:/usr/local/games:/snap/bin:/home/jairo/.dotnet/tools:/home/jairo/.dotnet/tools:/usr/local/go/bin:/home/jairo/go/bin:/home/jairo/blender:/usr/local/node/bin:/home/jairo/android-sdk/platform-tools:/usr/lib/dart/bin:/home/jairo/.pub-cache/bin:/usr/local/go/bin:/home/jairo/go/bin:/home/jairo/blender:/usr/local/node/bin:/home/jairo/android-sdk/platform-tools:/usr/lib/dart/bin:/home/jairo/.pub-cache/bin

Yarn version: 
  1.9.2

Node version: 
  8.10.0

Platform: 
  linux x64

Trace: 
  Error: https://registry.yarnpkg.com/bable-preset-es2015: Not found
      at Request.params.callback [as _callback] (/home/jairo/.yarn/lib/cli.js:64150:18)
      at Request.self.callback (/home/jairo/.yarn/lib/cli.js:137416:22)
      at emitTwo (events.js:126:13)
      at Request.emit (events.js:214:7)
      at Request.<anonymous> (/home/jairo/.yarn/lib/cli.js:138388:10)
      at emitOne (events.js:116:13)
      at Request.emit (events.js:211:7)
      at IncomingMessage.<anonymous> (/home/jairo/.yarn/lib/cli.js:138310:12)
      at Object.onceWrapper (events.js:313:30)
      at emitNone (events.js:111:20)

npm manifest: 
  {
    "name": "react-syncing",
    "version": "1.0.2",
    "description": "Sync state in React",
    "main": "index.js",
    "author": "kidandcat",
    "license": "MIT",
    "dependencies": {
      "pubsub-js": "^1.6.1"
    }
  }

yarn manifest: 
  No manifest

Lockfile: 
  # THIS IS AN AUTOGENERATED FILE. DO NOT EDIT THIS FILE DIRECTLY.
  # yarn lockfile v1
  
  
  pubsub-js@^1.6.1:
    version "1.6.1"
    resolved "https://registry.yarnpkg.com/pubsub-js/-/pubsub-js-1.6.1.tgz#4548fefc9b558380b9bbd0f76bef3c11206ad09d"
